<?xml version="1.0" encoding="UTF-8"?>
<testsuite xmlns:xsi="http://www.w3.org/2001/XMLSchema-instance" xsi:noNamespaceSchemaLocation="https://maven.apache.org/surefire/maven-surefire-plugin/xsd/surefire-test-report.xsd" name="br.com.place.repositores.PlaceRepositoryTest" time="1.262" tests="2" errors="2" skipped="0" failures="0">
  <properties>
[...]
</properties>
  <testcase name="testFetchData" classname="br.com.place.repositores.PlaceRepositoryTest" time="1.219">
    <error message="Cannot autogenerate id of type java.lang.Long for entity of type br.com.place.model.Place!" type="org.springframework.dao.InvalidDataAccessApiUsageException">org.springframework.dao.InvalidDataAccessApiUsageException: Cannot autogenerate id of type java.lang.Long for entity of type br.com.place.model.Place!
	at br.com.place.repositores.PlaceRepositoryTest.setUp(PlaceRepositoryTest.java:39)
</error>
    <system-out><![CDATA[2019-09-23 11:41:38.074  INFO 13933 --- [           main] .b.t.c.SpringBootTestContextBootstrapper : Neither @ContextConfiguration nor @ContextHierarchy found for test class [br.com.place.repositores.PlaceRepositoryTest], using SpringBootContextLoader
2019-09-23 11:41:38.077  INFO 13933 --- [           main] o.s.t.c.support.AbstractContextLoader    : Could not detect default resource locations for test class [br.com.place.repositores.PlaceRepositoryTest]: no resource found for suffixes {-context.xml, Context.groovy}.
2019-09-23 11:41:38.077  INFO 13933 --- [           main] t.c.s.AnnotationConfigContextLoaderUtils : Could not detect default configuration classes for test class [br.com.place.repositores.PlaceRepositoryTest]: PlaceRepositoryTest does not declare any static, non-private, non-final, nested classes annotated with @Configuration.
2019-09-23 11:41:38.133  INFO 13933 --- [           main] .b.t.c.SpringBootTestContextBootstrapper : Found @SpringBootConfiguration br.com.place.PlaceServiceApplication for test class br.com.place.repositores.PlaceRepositoryTest
2019-09-23 11:41:38.149  INFO 13933 --- [           main] .b.t.c.SpringBootTestContextBootstrapper : Loaded default TestExecutionListener class names from location [META-INF/spring.factories]: [org.springframework.boot.test.mock.mockito.MockitoTestExecutionListener, org.springframework.boot.test.mock.mockito.ResetMocksTestExecutionListener, org.springframework.boot.test.autoconfigure.restdocs.RestDocsTestExecutionListener, org.springframework.boot.test.autoconfigure.web.client.MockRestServiceServerResetTestExecutionListener, org.springframework.boot.test.autoconfigure.web.servlet.MockMvcPrintOnlyOnFailureTestExecutionListener, org.springframework.boot.test.autoconfigure.web.servlet.WebDriverTestExecutionListener, org.springframework.test.context.web.ServletTestExecutionListener, org.springframework.test.context.support.DirtiesContextBeforeModesTestExecutionListener, org.springframework.test.context.support.DependencyInjectionTestExecutionListener, org.springframework.test.context.support.DirtiesContextTestExecutionListener, org.springframework.test.context.transaction.TransactionalTestExecutionListener, org.springframework.test.context.jdbc.SqlScriptsTestExecutionListener]
2019-09-23 11:41:38.151  INFO 13933 --- [           main] .b.t.c.SpringBootTestContextBootstrapper : Using TestExecutionListeners: [org.springframework.test.context.web.ServletTestExecutionListener@31228d83, org.springframework.test.context.support.DirtiesContextBeforeModesTestExecutionListener@22b82ddf, org.springframework.boot.test.mock.mockito.MockitoTestExecutionListener@28bf82d9, org.springframework.boot.test.autoconfigure.SpringBootDependencyInjectionTestExecutionListener@44ccd75c, org.springframework.test.context.support.DirtiesContextTestExecutionListener@61a704d3, org.springframework.test.context.transaction.TransactionalTestExecutionListener@2120bed, org.springframework.test.context.jdbc.SqlScriptsTestExecutionListener@566fe83c, org.springframework.boot.test.mock.mockito.ResetMocksTestExecutionListener@743bb39a, org.springframework.boot.test.autoconfigure.restdocs.RestDocsTestExecutionListener@2de3b052, org.springframework.boot.test.autoconfigure.web.client.MockRestServiceServerResetTestExecutionListener@3f3c8b60, org.springframework.boot.test.autoconfigure.web.servlet.MockMvcPrintOnlyOnFailureTestExecutionListener@16bbaab3, org.springframework.boot.test.autoconfigure.web.servlet.WebDriverTestExecutionListener@3f357c9d]
2019-09-23 11:41:38.568  INFO 13933 --- [           main] org.mongodb.driver.connection            : Opened connection [connectionId{localValue:2, serverValue:3}] to 172.17.0.2:27017
]]></system-out>
  </testcase>
  <testcase name="testDataUpdate" classname="br.com.place.repositores.PlaceRepositoryTest" time="0.032">
    <error message="Cannot autogenerate id of type java.lang.Long for entity of type br.com.place.model.Place!" type="org.springframework.dao.InvalidDataAccessApiUsageException">org.springframework.dao.InvalidDataAccessApiUsageException: Cannot autogenerate id of type java.lang.Long for entity of type br.com.place.model.Place!
	at br.com.place.repositores.PlaceRepositoryTest.setUp(PlaceRepositoryTest.java:39)
</error>
  </testcase>
</testsuite>